<?xml version="1.0" encoding="UTF-8"?>
<!-- Generated by org.testng.reporters.JUnitReportReporter -->
<testsuite skipped="0" hostname="user-PC" name="com.Log4j_Practice.DemoLog4j" tests="1" failures="0" timestamp="14 Jan 2022 05:20:49 GMT" time="0.047" errors="0">
  <testcase name="m1" time="0.047" classname="com.Log4j_Practice.DemoLog4j"/>
</testsuite> <!-- com.Log4j_Practice.DemoLog4j -->
