<?xml version="1.0" encoding="UTF-8"?>
<!-- Generated by org.testng.reporters.JUnitReportReporter -->
<testsuite skipped="0" hostname="user-PC" name="com.Log4j_Practice.Console_Apender" tests="3" failures="0" timestamp="14 Jan 2022 04:56:53 GMT" time="0.078" errors="0">
  <testcase name="m2" time="0.031" classname="com.Log4j_Practice.Console_Apender"/>
  <testcase name="m1" time="0.047" classname="com.Log4j_Practice.Console_Apender"/>
  <testcase name="m3" time="0.000" classname="com.Log4j_Practice.Console_Apender"/>
</testsuite> <!-- com.Log4j_Practice.Console_Apender -->
