<?xml version="1.0" encoding="UTF-8"?>
<!-- Generated by org.testng.reporters.JUnitReportReporter -->
<testsuite skipped="1" hostname="user-PC" name="com.test.MercuryLoginTest" tests="2" failures="0" timestamp="14 Jan 2022 05:55:08 GMT" time="23.650" errors="0">
  <testcase name="loginTest1" time="23.650" classname="com.test.MercuryLoginTest"/>
  <testcase name="loginTest" classname="com.test.MercuryLoginTest">
    <skipped/>
  </testcase> <!-- loginTest -->
</testsuite> <!-- com.test.MercuryLoginTest -->
